<2018-07-08 17:25:22>
< 126.94.219.157 >
< Mozilla/5.0 (Windows NT 10.0; Win64; x64) AppleWebKit/537.36 (KHTML, like Gecko) Chrome/64.0.3282.140 Safari/537.36 Edge/17.17134 >
<2018-07-08 17:25:28>
< 126.94.219.157 >
< Mozilla/5.0 (Windows NT 10.0; Win64; x64) AppleWebKit/537.36 (KHTML, like Gecko) Chrome/64.0.3282.140 Safari/537.36 Edge/17.17134 >
<2018-07-08 17:27:18>
< 66.249.82.185 >
< Mozilla/5.0 (Linux; Android 7.1.1; 507SH Build/S1108) AppleWebKit/537.36 (KHTML, like Gecko) Chrome/65.0.3325.109 Mobile Safari/537.36 >
<2018-07-08 17:28:20>
< 66.249.82.183 >
< Mozilla/5.0 (Linux; Android 7.1.1; 507SH Build/S1108) AppleWebKit/537.36 (KHTML, like Gecko) Chrome/65.0.3325.109 Mobile Safari/537.36 >
<2018-07-08 20:40:29>
< 66.249.82.187 >
< Mozilla/5.0 (Linux; Android 7.1.1; 507SH Build/S1108) AppleWebKit/537.36 (KHTML, like Gecko) Chrome/65.0.3325.109 Mobile Safari/537.36 >
<2018-07-08 20:40:30>
< 66.249.82.187 >
< Mozilla/5.0 (Linux; Android 7.1.1; 507SH Build/S1108) AppleWebKit/537.36 (KHTML, like Gecko) Chrome/65.0.3325.109 Mobile Safari/537.36 >
<2018-07-08 20:40:33>
< 66.249.82.183 >
< Mozilla/5.0 (Linux; Android 7.1.1; 507SH Build/S1108) AppleWebKit/537.36 (KHTML, like Gecko) Chrome/65.0.3325.109 Mobile Safari/537.36 >
<2018-07-08 21:04:03>
< 66.249.82.185 >
< Mozilla/5.0 (Linux; Android 7.1.1; 507SH Build/S1108) AppleWebKit/537.36 (KHTML, like Gecko) Chrome/65.0.3325.109 Mobile Safari/537.36 >
<2018-07-08 21:51:42>
< 66.249.82.183 >
< Mozilla/5.0 (Linux; Android 7.1.1; 507SH Build/S1108) AppleWebKit/537.36 (KHTML, like Gecko) Chrome/65.0.3325.109 Mobile Safari/537.36 >
<2018-07-09 18:34:20>
< 66.249.82.185 >
< Mozilla/5.0 (Linux; Android 7.1.1; 507SH Build/S1108) AppleWebKit/537.36 (KHTML, like Gecko) Chrome/65.0.3325.109 Mobile Safari/537.36 >
<2018-07-10 07:55:40>
< 66.249.82.183 >
< Mozilla/5.0 (Linux; Android 7.1.1; 507SH Build/S1111) AppleWebKit/537.36 (KHTML, like Gecko) Chrome/65.0.3325.109 Mobile Safari/537.36 >
<2018-07-10 07:56:14>
< 66.249.82.185 >
< Mozilla/5.0 (Linux; Android 7.1.1; 507SH Build/S1111) AppleWebKit/537.36 (KHTML, like Gecko) Chrome/65.0.3325.109 Mobile Safari/537.36 >
<2018-07-10 17:52:17>
< 211.249.40.26 >
< facebookexternalhit/1.1;line-poker/1.0 >
<2018-07-10 17:52:17>
< 211.249.40.26 >
< facebookexternalhit/1.1;line-poker/1.0 >
<2018-07-10 19:04:44>
< 66.249.82.185 >
< Mozilla/5.0 (Linux; Android 7.1.1; 507SH Build/S1111) AppleWebKit/537.36 (KHTML, like Gecko) Chrome/65.0.3325.109 Mobile Safari/537.36 >
<2018-07-14 22:11:17>
< 66.249.82.187 >
< Mozilla/5.0 (Linux; Android 7.1.1; 507SH Build/S1111) AppleWebKit/537.36 (KHTML, like Gecko) Chrome/65.0.3325.109 Mobile Safari/537.36 >
<2018-07-15 01:00:41>
< 66.249.82.183 >
< Mozilla/5.0 (Linux; Android 7.1.1; 507SH Build/S1111) AppleWebKit/537.36 (KHTML, like Gecko) Chrome/65.0.3325.109 Mobile Safari/537.36 >
<2018-07-15 09:50:54>
< 211.249.40.26 >
< facebookexternalhit/1.1;line-poker/1.0 >
<2018-07-15 09:50:54>
< 211.249.40.26 >
< facebookexternalhit/1.1;line-poker/1.0 >
<2018-07-15 17:07:48>
< 66.249.82.187 >
< Mozilla/5.0 (Linux; Android 7.1.1; 507SH Build/S1111) AppleWebKit/537.36 (KHTML, like Gecko) Chrome/65.0.3325.109 Mobile Safari/537.36 >
<2018-07-15 19:38:32>
< 66.249.82.183 >
< Mozilla/5.0 (Linux; Android 7.1.1; 507SH Build/S1111) AppleWebKit/537.36 (KHTML, like Gecko) Chrome/65.0.3325.109 Mobile Safari/537.36 >
<2018-07-16 02:56:39>
< 211.249.40.30 >
< facebookexternalhit/1.1;line-poker/1.0 >
<2018-07-16 02:56:39>
< 211.249.40.30 >
< facebookexternalhit/1.1;line-poker/1.0 >
<2018-07-18 19:50:11>
< 66.249.82.187 >
< Mozilla/5.0 (Linux; Android 7.1.1; 507SH Build/S1111) AppleWebKit/537.36 (KHTML, like Gecko) Chrome/65.0.3325.109 Mobile Safari/537.36 >
<2018-11-24 10:03:07>
< ::1 >
< Mozilla/5.0 (Windows NT 10.0; Win64; x64) AppleWebKit/537.36 (KHTML, like Gecko) Chrome/70.0.3538.102 Safari/537.36 >
<2018-11-24 10:03:51>
< ::1 >
< Mozilla/5.0 (Windows NT 10.0; Win64; x64) AppleWebKit/537.36 (KHTML, like Gecko) Chrome/70.0.3538.102 Safari/537.36 >
<2018-11-24 10:03:53>
< ::1 >
< Mozilla/5.0 (Windows NT 10.0; Win64; x64) AppleWebKit/537.36 (KHTML, like Gecko) Chrome/70.0.3538.102 Safari/537.36 >
<2018-11-24 10:06:33>
< ::1 >
< Mozilla/5.0 (Windows NT 10.0; Win64; x64) AppleWebKit/537.36 (KHTML, like Gecko) Chrome/70.0.3538.102 Safari/537.36 >
<2018-11-24 10:07:04>
< ::1 >
< Mozilla/5.0 (Windows NT 10.0; Win64; x64) AppleWebKit/537.36 (KHTML, like Gecko) Chrome/70.0.3538.102 Safari/537.36 >
<2018-11-24 10:08:48>
< ::1 >
< Mozilla/5.0 (Windows NT 10.0; Win64; x64) AppleWebKit/537.36 (KHTML, like Gecko) Chrome/70.0.3538.102 Safari/537.36 >
<2018-11-24 10:11:08>
< ::1 >
< Mozilla/5.0 (Windows NT 10.0; Win64; x64) AppleWebKit/537.36 (KHTML, like Gecko) Chrome/70.0.3538.102 Safari/537.36 >
<2018-11-24 10:13:39>
< ::1 >
< Mozilla/5.0 (Windows NT 10.0; Win64; x64) AppleWebKit/537.36 (KHTML, like Gecko) Chrome/70.0.3538.102 Safari/537.36 >
<2018-11-24 10:14:27>
< ::1 >
< Mozilla/5.0 (Windows NT 10.0; Win64; x64) AppleWebKit/537.36 (KHTML, like Gecko) Chrome/70.0.3538.102 Safari/537.36 >
<2018-11-24 10:16:16>
< ::1 >
< Mozilla/5.0 (Windows NT 10.0; Win64; x64) AppleWebKit/537.36 (KHTML, like Gecko) Chrome/70.0.3538.102 Safari/537.36 >
<2018-11-24 10:16:38>
< ::1 >
< Mozilla/5.0 (Windows NT 10.0; Win64; x64) AppleWebKit/537.36 (KHTML, like Gecko) Chrome/70.0.3538.102 Safari/537.36 >
<2018-11-24 10:18:19>
< ::1 >
< Mozilla/5.0 (Windows NT 10.0; Win64; x64) AppleWebKit/537.36 (KHTML, like Gecko) Chrome/70.0.3538.102 Safari/537.36 >
<2018-11-24 10:19:21>
< ::1 >
< Mozilla/5.0 (Windows NT 10.0; Win64; x64) AppleWebKit/537.36 (KHTML, like Gecko) Chrome/70.0.3538.102 Safari/537.36 >
<2018-11-24 10:19:35>
< ::1 >
< Mozilla/5.0 (Windows NT 10.0; Win64; x64) AppleWebKit/537.36 (KHTML, like Gecko) Chrome/70.0.3538.102 Safari/537.36 >
<2018-11-24 10:19:36>
< ::1 >
< Mozilla/5.0 (Windows NT 10.0; Win64; x64) AppleWebKit/537.36 (KHTML, like Gecko) Chrome/70.0.3538.102 Safari/537.36 >
<2018-11-24 10:19:50>
< ::1 >
< Mozilla/5.0 (Windows NT 10.0; Win64; x64) AppleWebKit/537.36 (KHTML, like Gecko) Chrome/70.0.3538.102 Safari/537.36 >
<2018-11-24 10:20:08>
< ::1 >
< Mozilla/5.0 (Windows NT 10.0; Win64; x64) AppleWebKit/537.36 (KHTML, like Gecko) Chrome/70.0.3538.102 Safari/537.36 >
<2018-11-24 10:20:29>
< ::1 >
< Mozilla/5.0 (Windows NT 10.0; Win64; x64) AppleWebKit/537.36 (KHTML, like Gecko) Chrome/70.0.3538.102 Safari/537.36 >
<2018-11-24 10:20:59>
< ::1 >
< Mozilla/5.0 (Windows NT 10.0; Win64; x64) AppleWebKit/537.36 (KHTML, like Gecko) Chrome/70.0.3538.102 Safari/537.36 >
<2018-11-24 10:21:57>
< ::1 >
< Mozilla/5.0 (Windows NT 10.0; Win64; x64) AppleWebKit/537.36 (KHTML, like Gecko) Chrome/70.0.3538.102 Safari/537.36 >
<2018-11-24 10:22:27>
< ::1 >
< Mozilla/5.0 (Windows NT 10.0; Win64; x64) AppleWebKit/537.36 (KHTML, like Gecko) Chrome/70.0.3538.102 Safari/537.36 >
<2018-11-24 10:22:46>
< ::1 >
< Mozilla/5.0 (Windows NT 10.0; Win64; x64) AppleWebKit/537.36 (KHTML, like Gecko) Chrome/70.0.3538.102 Safari/537.36 >
<2018-11-24 10:23:07>
< ::1 >
< Mozilla/5.0 (Windows NT 10.0; Win64; x64) AppleWebKit/537.36 (KHTML, like Gecko) Chrome/70.0.3538.102 Safari/537.36 >
<2018-11-24 10:23:18>
< ::1 >
< Mozilla/5.0 (Windows NT 10.0; Win64; x64) AppleWebKit/537.36 (KHTML, like Gecko) Chrome/70.0.3538.102 Safari/537.36 >
<2018-11-24 10:24:01>
< ::1 >
< Mozilla/5.0 (Windows NT 10.0; Win64; x64) AppleWebKit/537.36 (KHTML, like Gecko) Chrome/70.0.3538.102 Safari/537.36 >
<2018-11-24 10:24:29>
< ::1 >
< Mozilla/5.0 (Windows NT 10.0; Win64; x64) AppleWebKit/537.36 (KHTML, like Gecko) Chrome/70.0.3538.102 Safari/537.36 >
<2018-11-24 18:49:24>
< ::1 >
< Mozilla/5.0 (Windows NT 10.0; Win64; x64) AppleWebKit/537.36 (KHTML, like Gecko) Chrome/70.0.3538.102 Safari/537.36 >
